23:35:58 **** Incremental Build of configuration Debug for project 1-AVR_Drivers ****
make all 
Building file: ../COTS/MCAL/TIMER0/TIMER0_program.c
Invoking: AVR Compiler
avr-gcc -Wall -g2 -gstabs -O0 -fpack-struct -fshort-enums -ffunction-sections -fdata-sections -std=gnu99 -funsigned-char -funsigned-bitfields -mmcu=atmega32 -DF_CPU=16000000UL -MMD -MP -MF"COTS/MCAL/TIMER0/TIMER0_program.d" -MT"COTS/MCAL/TIMER0/TIMER0_program.o" -c -o "COTS/MCAL/TIMER0/TIMER0_program.o" "../COTS/MCAL/TIMER0/TIMER0_program.c"
Finished building: ../COTS/MCAL/TIMER0/TIMER0_program.c
 
Building file: ../main.c
Invoking: AVR Compiler
avr-gcc -Wall -g2 -gstabs -O0 -fpack-struct -fshort-enums -ffunction-sections -fdata-sections -std=gnu99 -funsigned-char -funsigned-bitfields -mmcu=atmega32 -DF_CPU=16000000UL -MMD -MP -MF"main.d" -MT"main.o" -c -o "main.o" "../main.c"
Finished building: ../main.c
 
Building target: 1-AVR_Drivers.elf
Invoking: AVR C Linker
avr-gcc -Wl,-Map,1-AVR_Drivers.map -mmcu=atmega32 -o "1-AVR_Drivers.elf"  ./COTS/Services/Mapping/Mapping_program.o  ./COTS/Services/LinearSearch/LinearSearch_program.o  ./COTS/Services/BinarySearch/BinarySearch_program.o  ./COTS/MCAL/TIMER0/TIMER0_program.o  ./COTS/MCAL/GIE/GIE_program.o  ./COTS/MCAL/EXTI/EXTI_program.o  ./COTS/MCAL/DIO/DIO_program.o  ./COTS/MCAL/ADC/ADC_program.o  ./COTS/HAL/Switches/SWITCH_program.o  ./COTS/HAL/SevenSegment/SEVSEG_program.o  ./COTS/HAL/LM35/LM35_program.o  ./COTS/HAL/LEDs/LED_program.o  ./COTS/HAL/LCD/LCD_program.o  ./COTS/HAL/KeyPad/KeyPad_program.o  ./main.o   
Finished building target: 1-AVR_Drivers.elf
 
Invoking: AVR Create Extended Listing
avr-objdump -h -S 1-AVR_Drivers.elf  >"1-AVR_Drivers.lss"
Finished building: 1-AVR_Drivers.lss
 
Create Flash image (ihex format)
avr-objcopy -R .eeprom -R .fuse -R .lock -R .signature -O ihex 1-AVR_Drivers.elf  "1-AVR_Drivers.hex"
Finished building: 1-AVR_Drivers.hex
 
Invoking: Print Size
avr-size --format=avr --mcu=atmega32 1-AVR_Drivers.elf
AVR Memory Usage
----------------
Device: atmega32

Program:   14720 bytes (44.9% Full)
(.text + .data + .bootloader)

Data:        329 bytes (16.1% Full)
(.data + .bss + .noinit)


Finished building: sizedummy
 

23:35:59 Build Finished (took 1s.526ms)

