20:16:49 **** Incremental Build of configuration Debug for project final_project_slave_1 ****
make all 
Building file: ../main.c
Invoking: AVR Compiler
avr-gcc -Wall -g2 -gstabs -O0 -fpack-struct -fshort-enums -ffunction-sections -fdata-sections -std=gnu99 -funsigned-char -funsigned-bitfields -mmcu=atmega32 -DF_CPU=8000000UL -MMD -MP -MF"main.d" -MT"main.o" -c -o "main.o" "../main.c"
../main.c: In function 'main':
../main.c:51: warning: unused variable 'ADC_DATA'
Finished building: ../main.c
 
Building target: final_project_slave_1.elf
Invoking: AVR C Linker
avr-gcc -Wl,-Map,final_project_slave_1.map -mmcu=atmega32 -o "final_project_slave_1.elf"  ./COTS/Services/Mapping/Mapping_program.o  ./COTS/MCAL/TIMER1/TIMER1_program.o  ./COTS/MCAL/TIMER0/TIMER0_program.o  ./COTS/MCAL/SPI/SPI_program.o  ./COTS/MCAL/GIE/GIE_program.o  ./COTS/MCAL/DIO/DIO_program.o  ./COTS/MCAL/ADC/ADC_program.o  ./COTS/HAL/SERVO/SERVO_progrm.o  ./main.o   
Finished building target: final_project_slave_1.elf
 
Invoking: AVR Create Extended Listing
avr-objdump -h -S final_project_slave_1.elf  >"final_project_slave_1.lss"
Finished building: final_project_slave_1.lss
 
Create Flash image (ihex format)
avr-objcopy -R .eeprom -R .fuse -R .lock -R .signature -O ihex final_project_slave_1.elf  "final_project_slave_1.hex"
Finished building: final_project_slave_1.hex
 
Invoking: Print Size
avr-size --format=avr --mcu=atmega32 final_project_slave_1.elf
AVR Memory Usage
----------------
Device: atmega32

Program:   10938 bytes (33.4% Full)
(.text + .data + .bootloader)

Data:        311 bytes (15.2% Full)
(.data + .bss + .noinit)


Finished building: sizedummy
 

20:16:50 Build Finished (took 1s.289ms)

