19:04:33 **** Incremental Build of configuration Debug for project final_ptoject_slave_2 ****
make all 
Building file: ../main.c
Invoking: AVR Compiler
avr-gcc -Wall -g2 -gstabs -O0 -fpack-struct -fshort-enums -ffunction-sections -fdata-sections -std=gnu99 -funsigned-char -funsigned-bitfields -mmcu=atmega32 -DF_CPU=8000000UL -MMD -MP -MF"main.d" -MT"main.o" -c -o "main.o" "../main.c"
Finished building: ../main.c
 
Building target: final_ptoject_slave_2.elf
Invoking: AVR C Linker
avr-gcc -Wl,-Map,final_ptoject_slave_2.map -mmcu=atmega32 -o "final_ptoject_slave_2.elf"  ./COTS/Services/Mapping/Mapping_program.o  ./COTS/MCAL/TIMER1/TIMER1_program.o  ./COTS/MCAL/TIMER0/TIMER0_program.o  ./COTS/MCAL/SPI/SPI_program.o  ./COTS/MCAL/GIE/GIE_program.o  ./COTS/MCAL/DIO/DIO_program.o  ./COTS/HAL/SERVO/SERVO_progrm.o  ./main.o   
Finished building target: final_ptoject_slave_2.elf
 
Invoking: AVR Create Extended Listing
avr-objdump -h -S final_ptoject_slave_2.elf  >"final_ptoject_slave_2.lss"
Finished building: final_ptoject_slave_2.lss
 
Create Flash image (ihex format)
avr-objcopy -R .eeprom -R .fuse -R .lock -R .signature -O ihex final_ptoject_slave_2.elf  "final_ptoject_slave_2.hex"
Finished building: final_ptoject_slave_2.hex
 
Invoking: Print Size
avr-size --format=avr --mcu=atmega32 final_ptoject_slave_2.elf
AVR Memory Usage
----------------
Device: atmega32

Program:   10854 bytes (33.1% Full)
(.text + .data + .bootloader)

Data:        309 bytes (15.1% Full)
(.data + .bss + .noinit)


Finished building: sizedummy
 

19:04:34 Build Finished (took 783ms)

