20:16:46 **** Incremental Build of configuration Debug for project final_project_master ****
make all 
Building file: ../main.c
Invoking: AVR Compiler
avr-gcc -Wall -g2 -gstabs -O0 -fpack-struct -fshort-enums -ffunction-sections -fdata-sections -std=gnu99 -funsigned-char -funsigned-bitfields -mmcu=atmega32 -DF_CPU=8000000UL -MMD -MP -MF"main.d" -MT"main.o" -c -o "main.o" "../main.c"
Finished building: ../main.c
 
Building target: final_project_master.elf
Invoking: AVR C Linker
avr-gcc -Wl,-Map,final_project_master.map -mmcu=atmega32 -o "final_project_master.elf"  ./COTS/Services/Mapping/Mapping_program.o  ./COTS/MCAL/USART/USART_program.o  ./COTS/MCAL/TIMER0/TIMER0_program.o  ./COTS/MCAL/SPI/SPI_program.o  ./COTS/MCAL/GIE/GIE_program.o  ./COTS/MCAL/DIO/DIO_program.o  ./COTS/HAL/LCD/LCD_program.o  ./main.o   
Finished building target: final_project_master.elf
 
Invoking: AVR Create Extended Listing
avr-objdump -h -S final_project_master.elf  >"final_project_master.lss"
Finished building: final_project_master.lss
 
Create Flash image (ihex format)
avr-objcopy -R .eeprom -R .fuse -R .lock -R .signature -O ihex final_project_master.elf  "final_project_master.hex"
Finished building: final_project_master.hex
 
Invoking: Print Size
avr-size --format=avr --mcu=atmega32 final_project_master.elf
AVR Memory Usage
----------------
Device: atmega32

Program:   15524 bytes (47.4% Full)
(.text + .data + .bootloader)

Data:        777 bytes (37.9% Full)
(.data + .bss + .noinit)


Finished building: sizedummy
 

20:16:46 Build Finished (took 743ms)

