22:42:14 **** Incremental Build of configuration Debug for project USART_test ****
make all 
Building file: ../main.c
Invoking: AVR Compiler
avr-gcc -Wall -g2 -gstabs -O0 -fpack-struct -fshort-enums -ffunction-sections -fdata-sections -std=gnu99 -funsigned-char -funsigned-bitfields -mmcu=atmega32 -DF_CPU=8000000UL -MMD -MP -MF"main.d" -MT"main.o" -c -o "main.o" "../main.c"
Finished building: ../main.c
 
Building target: USART_test.elf
Invoking: AVR C Linker
avr-gcc -Wl,-Map,USART_test.map -mmcu=atmega32 -o "USART_test.elf"  ./COTS/MCAL/USART/USART_program.o  ./COTS/MCAL/GIE/GIE_program.o  ./COTS/MCAL/DIO/DIO_program.o  ./COTS/HAL/LCD/LCD_program.o  ./main.o   
Finished building target: USART_test.elf
 
Invoking: AVR Create Extended Listing
avr-objdump -h -S USART_test.elf  >"USART_test.lss"
Finished building: USART_test.lss
 
Create Flash image (ihex format)
avr-objcopy -R .eeprom -R .fuse -R .lock -R .signature -O ihex USART_test.elf  "USART_test.hex"
Finished building: USART_test.hex
 
Invoking: Print Size
avr-size --format=avr --mcu=atmega32 USART_test.elf
AVR Memory Usage
----------------
Device: atmega32

Program:    9454 bytes (28.9% Full)
(.text + .data + .bootloader)

Data:         35 bytes (1.7% Full)
(.data + .bss + .noinit)


Finished building: sizedummy
 
