14:01:57 **** Incremental Build of configuration Debug for project ICU_APP ****
make all 
Building file: ../main.c
Invoking: AVR Compiler
avr-gcc -Wall -g2 -gstabs -O0 -fpack-struct -fshort-enums -ffunction-sections -fdata-sections -std=gnu99 -funsigned-char -funsigned-bitfields -mmcu=atmega32 -DF_CPU=8000000UL -MMD -MP -MF"main.d" -MT"main.o" -c -o "main.o" "../main.c"
In file included from ../main.c:15:
e:/embedded_iti/01-embedded systems avr tools/01- imt sdk/imt_sdk_win_64/winavr/lib/gcc/../../avr/include/avr/delay.h:36:2: warning: #warning "This file has been moved to <util/delay.h>."
In file included from e:/embedded_iti/01-embedded systems avr tools/01- imt sdk/imt_sdk_win_64/winavr/lib/gcc/../../avr/include/avr/delay.h:37,
                 from ../main.c:15:
e:/embedded_iti/01-embedded systems avr tools/01- imt sdk/imt_sdk_win_64/winavr/lib/gcc/../../avr/include/util/delay.h:90:3: warning: #warning "Compiler optimizations disabled; functions from <util/delay.h> won't work as designed"
Finished building: ../main.c
 
Building target: ICU_APP.elf
Invoking: AVR C Linker
avr-gcc -Wl,-Map,ICU_APP.map -mmcu=atmega32 -o "ICU_APP.elf"  ./COTS/Services/Mapping/Mapping_program.o  ./COTS/MCAL/TIMER1/TIMER1_program.o  ./COTS/MCAL/TIMER0/TIMER0_program.o  ./COTS/MCAL/GIE/GIE_program.o  ./COTS/MCAL/DIO/DIO_program.o  ./COTS/HAL/LCD/LCD_program.o  ./main.o   
Finished building target: ICU_APP.elf
 
Invoking: AVR Create Extended Listing
avr-objdump -h -S ICU_APP.elf  >"ICU_APP.lss"
Finished building: ICU_APP.lss
 
Create Flash image (ihex format)
avr-objcopy -R .eeprom -R .fuse -R .lock -R .signature -O ihex ICU_APP.elf  "ICU_APP.hex"
Finished building: ICU_APP.hex
 
Invoking: Print Size
avr-size --format=avr --mcu=atmega32 ICU_APP.elf
AVR Memory Usage
----------------
Device: atmega32

Program:   14334 bytes (43.7% Full)
(.text + .data + .bootloader)

Data:        316 bytes (15.4% Full)
(.data + .bss + .noinit)


Finished building: sizedummy
 

14:01:58 Build Finished (took 680ms)

