17:53:42 **** Incremental Build of configuration Debug for project TIMER0_PWM_LED ****
make all 
Building file: ../main.c
Invoking: AVR Compiler
avr-gcc -Wall -g2 -gstabs -O0 -fpack-struct -fshort-enums -ffunction-sections -fdata-sections -std=gnu99 -funsigned-char -funsigned-bitfields -mmcu=atmega32 -DF_CPU=16000000UL -MMD -MP -MF"main.d" -MT"main.o" -c -o "main.o" "../main.c"
Finished building: ../main.c
 
Building target: TIMER0_PWM_LED.elf
Invoking: AVR C Linker
avr-gcc -Wl,-Map,TIMER0_PWM_LED.map -mmcu=atmega32 -o "TIMER0_PWM_LED.elf"  ./COTS/Services/Mapping/Mapping_program.o  ./COTS/MCAL/TIMER0/TIMER0_program.o  ./COTS/MCAL/GIE/GIE_program.o  ./COTS/MCAL/DIO/DIO_program.o  ./COTS/HAL/LEDs/LED_program.o  ./main.o   
Finished building target: TIMER0_PWM_LED.elf
 
Invoking: AVR Create Extended Listing
avr-objdump -h -S TIMER0_PWM_LED.elf  >"TIMER0_PWM_LED.lss"
Finished building: TIMER0_PWM_LED.lss
 
Create Flash image (ihex format)
avr-objcopy -R .eeprom -R .fuse -R .lock -R .signature -O ihex TIMER0_PWM_LED.elf  "TIMER0_PWM_LED.hex"
Finished building: TIMER0_PWM_LED.hex
 
Invoking: Print Size
avr-size --format=avr --mcu=atmega32 TIMER0_PWM_LED.elf
AVR Memory Usage
----------------
Device: atmega32

Program:    7542 bytes (23.0% Full)
(.text + .data + .bootloader)

Data:        297 bytes (14.5% Full)
(.data + .bss + .noinit)


Finished building: sizedummy
 

17:53:45 Build Finished (took 2s.375ms)

