18:20:06 **** Incremental Build of configuration Debug for project TIMER0_keypad_Buzzer ****
make all 
Building file: ../COTS/MCAL/TIMER0/TIMER0_program.c
Invoking: AVR Compiler
avr-gcc -Wall -g2 -gstabs -O0 -fpack-struct -fshort-enums -ffunction-sections -fdata-sections -std=gnu99 -funsigned-char -funsigned-bitfields -mmcu=atmega32 -DF_CPU=16000000UL -MMD -MP -MF"COTS/MCAL/TIMER0/TIMER0_program.d" -MT"COTS/MCAL/TIMER0/TIMER0_program.o" -c -o "COTS/MCAL/TIMER0/TIMER0_program.o" "../COTS/MCAL/TIMER0/TIMER0_program.c"
Finished building: ../COTS/MCAL/TIMER0/TIMER0_program.c
 
Building target: TIMER0_keypad_Buzzer.elf
Invoking: AVR C Linker
avr-gcc -Wl,-Map,TIMER0_keypad_Buzzer.map -mmcu=atmega32 -o "TIMER0_keypad_Buzzer.elf"  ./COTS/Services/Mapping/Mapping_program.o  ./COTS/MCAL/TIMER0/TIMER0_program.o  ./COTS/MCAL/DIO/DIO_program.o  ./COTS/HAL/LCD/LCD_program.o  ./COTS/HAL/KeyPad/KeyPad_program.o  ./main.o   
Finished building target: TIMER0_keypad_Buzzer.elf
 
Invoking: AVR Create Extended Listing
avr-objdump -h -S TIMER0_keypad_Buzzer.elf  >"TIMER0_keypad_Buzzer.lss"
Finished building: TIMER0_keypad_Buzzer.lss
 
Create Flash image (ihex format)
avr-objcopy -R .eeprom -R .fuse -R .lock -R .signature -O ihex TIMER0_keypad_Buzzer.elf  "TIMER0_keypad_Buzzer.hex"
Finished building: TIMER0_keypad_Buzzer.hex
 
Invoking: Print Size
avr-size --format=avr --mcu=atmega32 TIMER0_keypad_Buzzer.elf
AVR Memory Usage
----------------
Device: atmega32

Program:   11776 bytes (35.9% Full)
(.text + .data + .bootloader)

Data:        313 bytes (15.3% Full)
(.data + .bss + .noinit)


Finished building: sizedummy
 

18:20:08 Build Finished (took 1s.737ms)

