18:00:41 **** Incremental Build of configuration Debug for project TIMER0_PWM_LED_ADC_LCD ****
make all 
Building file: ../main.c
Invoking: AVR Compiler
avr-gcc -Wall -g2 -gstabs -O0 -fpack-struct -fshort-enums -ffunction-sections -fdata-sections -std=gnu99 -funsigned-char -funsigned-bitfields -mmcu=atmega32 -DF_CPU=16000000UL -MMD -MP -MF"main.d" -MT"main.o" -c -o "main.o" "../main.c"
Finished building: ../main.c
 
Building target: TIMER0_PWM_LED_ADC_LCD.elf
Invoking: AVR C Linker
avr-gcc -Wl,-Map,TIMER0_PWM_LED_ADC_LCD.map -mmcu=atmega32 -o "TIMER0_PWM_LED_ADC_LCD.elf"  ./COTS/Services/Mapping/Mapping_program.o  ./COTS/MCAL/TIMER0/TIMER0_program.o  ./COTS/MCAL/DIO/DIO_program.o  ./COTS/MCAL/ADC/ADC_program.o  ./COTS/HAL/LCD/LCD_program.o  ./main.o   
Finished building target: TIMER0_PWM_LED_ADC_LCD.elf
 
Invoking: AVR Create Extended Listing
avr-objdump -h -S TIMER0_PWM_LED_ADC_LCD.elf  >"TIMER0_PWM_LED_ADC_LCD.lss"
Finished building: TIMER0_PWM_LED_ADC_LCD.lss
 
Create Flash image (ihex format)
avr-objcopy -R .eeprom -R .fuse -R .lock -R .signature -O ihex TIMER0_PWM_LED_ADC_LCD.elf  "TIMER0_PWM_LED_ADC_LCD.hex"
Finished building: TIMER0_PWM_LED_ADC_LCD.hex
 
Invoking: Print Size
avr-size --format=avr --mcu=atmega32 TIMER0_PWM_LED_ADC_LCD.elf
AVR Memory Usage
----------------
Device: atmega32

Program:   11252 bytes (34.3% Full)
(.text + .data + .bootloader)

Data:        331 bytes (16.2% Full)
(.data + .bss + .noinit)


Finished building: sizedummy
 

18:00:42 Build Finished (took 1s.321ms)

