18:09:10 **** Incremental Build of configuration Debug for project TIMER0_PWM_EXTI_LCD ****
make all 
Building file: ../main.c
Invoking: AVR Compiler
avr-gcc -Wall -g2 -gstabs -O0 -fpack-struct -fshort-enums -ffunction-sections -fdata-sections -std=gnu99 -funsigned-char -funsigned-bitfields -mmcu=atmega32 -DF_CPU=16000000UL -MMD -MP -MF"main.d" -MT"main.o" -c -o "main.o" "../main.c"
Finished building: ../main.c
 
Building target: TIMER0_PWM_EXTI_LCD.elf
Invoking: AVR C Linker
avr-gcc -Wl,-Map,TIMER0_PWM_EXTI_LCD.map -mmcu=atmega32 -o "TIMER0_PWM_EXTI_LCD.elf"  ./COTS/Services/Mapping/Mapping_program.o  ./COTS/MCAL/TIMER0/TIMER0_program.o  ./COTS/MCAL/GIE/GIE_program.o  ./COTS/MCAL/EXTI/EXTI_program.o  ./COTS/MCAL/DIO/DIO_program.o  ./COTS/HAL/LCD/LCD_program.o  ./main.o   
Finished building target: TIMER0_PWM_EXTI_LCD.elf
 
Invoking: AVR Create Extended Listing
avr-objdump -h -S TIMER0_PWM_EXTI_LCD.elf  >"TIMER0_PWM_EXTI_LCD.lss"
Finished building: TIMER0_PWM_EXTI_LCD.lss
 
Create Flash image (ihex format)
avr-objcopy -R .eeprom -R .fuse -R .lock -R .signature -O ihex TIMER0_PWM_EXTI_LCD.elf  "TIMER0_PWM_EXTI_LCD.hex"
Finished building: TIMER0_PWM_EXTI_LCD.hex
 
Invoking: Print Size
avr-size --format=avr --mcu=atmega32 TIMER0_PWM_EXTI_LCD.elf
AVR Memory Usage
----------------
Device: atmega32

Program:   12394 bytes (37.8% Full)
(.text + .data + .bootloader)

Data:        318 bytes (15.5% Full)
(.data + .bss + .noinit)


Finished building: sizedummy
 

18:09:12 Build Finished (took 1s.445ms)

