13:23:53 **** Incremental Build of configuration Debug for project USART_APP_1 ****
make all 
Building file: ../COTS/HAL/LCD/LCD_program.c
Invoking: AVR Compiler
avr-gcc -Wall -g2 -gstabs -O0 -fpack-struct -fshort-enums -ffunction-sections -fdata-sections -std=gnu99 -funsigned-char -funsigned-bitfields -mmcu=atmega32 -DF_CPU=8000000UL -MMD -MP -MF"COTS/HAL/LCD/LCD_program.d" -MT"COTS/HAL/LCD/LCD_program.o" -c -o "COTS/HAL/LCD/LCD_program.o" "../COTS/HAL/LCD/LCD_program.c"
In file included from ../COTS/HAL/LCD/LCD_program.c:14:
e:/embedded_iti/01-embedded systems avr tools/01- imt sdk/imt_sdk_win_64/winavr/lib/gcc/../../avr/include/avr/delay.h:36:2: warning: #warning "This file has been moved to <util/delay.h>."
In file included from e:/embedded_iti/01-embedded systems avr tools/01- imt sdk/imt_sdk_win_64/winavr/lib/gcc/../../avr/include/avr/delay.h:37,
                 from ../COTS/HAL/LCD/LCD_program.c:14:
e:/embedded_iti/01-embedded systems avr tools/01- imt sdk/imt_sdk_win_64/winavr/lib/gcc/../../avr/include/util/delay.h:90:3: warning: #warning "Compiler optimizations disabled; functions from <util/delay.h> won't work as designed"
Finished building: ../COTS/HAL/LCD/LCD_program.c
 
Building file: ../main.c
Invoking: AVR Compiler
avr-gcc -Wall -g2 -gstabs -O0 -fpack-struct -fshort-enums -ffunction-sections -fdata-sections -std=gnu99 -funsigned-char -funsigned-bitfields -mmcu=atmega32 -DF_CPU=8000000UL -MMD -MP -MF"main.d" -MT"main.o" -c -o "main.o" "../main.c"
In file included from ../main.c:12:
../COTS/HAL/LCD/LCD_interface.h:28:1: warning: "ZERO_ASCII" redefined
In file included from ../main.c:11:
../COTS/MCAL/UART/UART_interface.h:4:1: warning: this is the location of the previous definition
In file included from ../main.c:13:
e:/embedded_iti/01-embedded systems avr tools/01- imt sdk/imt_sdk_win_64/winavr/lib/gcc/../../avr/include/avr/delay.h:36:2: warning: #warning "This file has been moved to <util/delay.h>."
In file included from e:/embedded_iti/01-embedded systems avr tools/01- imt sdk/imt_sdk_win_64/winavr/lib/gcc/../../avr/include/avr/delay.h:37,
                 from ../main.c:13:
e:/embedded_iti/01-embedded systems avr tools/01- imt sdk/imt_sdk_win_64/winavr/lib/gcc/../../avr/include/util/delay.h:90:3: warning: #warning "Compiler optimizations disabled; functions from <util/delay.h> won't work as designed"
Finished building: ../main.c
 
Building target: USART_APP_1.elf
Invoking: AVR C Linker
avr-gcc -Wl,-Map,USART_APP_1.map -mmcu=atmega32 -o "USART_APP_1.elf"  ./COTS/MCAL/UART/UART_program.o  ./COTS/MCAL/GIE/GIE_program.o  ./COTS/MCAL/DIO/DIO_program.o  ./COTS/HAL/LCD/LCD_program.o  ./main.o   
Finished building target: USART_APP_1.elf
 
Invoking: AVR Create Extended Listing
avr-objdump -h -S USART_APP_1.elf  >"USART_APP_1.lss"
Finished building: USART_APP_1.lss
 
Create Flash image (ihex format)
avr-objcopy -R .eeprom -R .fuse -R .lock -R .signature -O ihex USART_APP_1.elf  "USART_APP_1.hex"
Finished building: USART_APP_1.hex
 
Invoking: Print Size
avr-size --format=avr --mcu=atmega32 USART_APP_1.elf
AVR Memory Usage
----------------
Device: atmega32

Program:    8834 bytes (27.0% Full)
(.text + .data + .bootloader)

Data:         29 bytes (1.4% Full)
(.data + .bss + .noinit)


Finished building: sizedummy
 

13:23:54 Build Finished (took 939ms)

