13:17:50 **** Incremental Build of configuration Debug for project USART_APP ****
make all 
Building file: ../COTS/MCAL/UART/UART_program.c
Invoking: AVR Compiler
avr-gcc -Wall -g2 -gstabs -O0 -fpack-struct -fshort-enums -ffunction-sections -fdata-sections -std=gnu99 -funsigned-char -funsigned-bitfields -mmcu=atmega32 -DF_CPU=8000000UL -MMD -MP -MF"COTS/MCAL/UART/UART_program.d" -MT"COTS/MCAL/UART/UART_program.o" -c -o "COTS/MCAL/UART/UART_program.o" "../COTS/MCAL/UART/UART_program.c"
Finished building: ../COTS/MCAL/UART/UART_program.c
 
Building target: USART_APP.elf
Invoking: AVR C Linker
avr-gcc -Wl,-Map,USART_APP.map -mmcu=atmega32 -o "USART_APP.elf"  ./COTS/MCAL/UART/UART_program.o  ./COTS/MCAL/GIE/GIE_program.o  ./COTS/MCAL/DIO/DIO_program.o  ./COTS/HAL/LCD/LCD_program.o  ./main.o   
Finished building target: USART_APP.elf
 
Invoking: AVR Create Extended Listing
avr-objdump -h -S USART_APP.elf  >"USART_APP.lss"
Finished building: USART_APP.lss
 
Create Flash image (ihex format)
avr-objcopy -R .eeprom -R .fuse -R .lock -R .signature -O ihex USART_APP.elf  "USART_APP.hex"
Finished building: USART_APP.hex
 
Invoking: Print Size
avr-size --format=avr --mcu=atmega32 USART_APP.elf
AVR Memory Usage
----------------
Device: atmega32

Program:    8834 bytes (27.0% Full)
(.text + .data + .bootloader)

Data:         29 bytes (1.4% Full)
(.data + .bss + .noinit)


Finished building: sizedummy
 

13:17:51 Build Finished (took 821ms)

